#
# There is insufficient memory for the Java Runtime Environment to continue.
# Native memory allocation (malloc) failed to allocate 1302064 bytes. Error detail: Chunk::new
# Possible reasons:
#   The system is out of physical RAM or swap space
#   This process is running with CompressedOops enabled, and the Java Heap may be blocking the growth of the native heap
# Possible solutions:
#   Reduce memory load on the system
#   Increase physical memory or swap space
#   Check if swap backing store is full
#   Decrease Java heap size (-Xmx/-Xms)
#   Decrease number of Java threads
#   Decrease Java thread stack sizes (-Xss)
#   Set larger code cache with -XX:ReservedCodeCacheSize=
#   JVM is running with Unscaled Compressed Oops mode in which the Java heap is
#     placed in the first 4GB address space. The Java Heap base address is the
#     maximum limit for the native heap growth. Please use -XX:HeapBaseMinAddress
#     to set the Java Heap base and to place the Java Heap above 4GB virtual address.
# This output file may be truncated or incomplete.
#
#  Out of Memory Error (arena.cpp:168), pid=5188, tid=5296
#
# JRE version: OpenJDK Runtime Environment Temurin-21.0.5+11 (21.0.5+11) (build 21.0.5+11-LTS)
# Java VM: OpenJDK 64-Bit Server VM Temurin-21.0.5+11 (21.0.5+11-LTS, mixed mode, sharing, tiered, compressed oops, compressed class ptrs, parallel gc, windows-amd64)
# No core dump will be written. Minidumps are not enabled by default on client versions of Windows
#

---------------  S U M M A R Y ------------

Command Line: --add-modules=ALL-SYSTEM --add-opens=java.base/java.util=ALL-UNNAMED --add-opens=java.base/java.lang=ALL-UNNAMED --add-opens=java.base/sun.nio.fs=ALL-UNNAMED -Declipse.application=org.eclipse.jdt.ls.core.id1 -Dosgi.bundles.defaultStartLevel=4 -Declipse.product=org.eclipse.jdt.ls.core.product -Djava.import.generatesMetadataFilesAtProjectRoot=false -DDetectVMInstallationsJob.disabled=true -Dfile.encoding=utf8 -XX:+UseParallelGC -XX:GCTimeRatio=4 -XX:AdaptiveSizePolicyWeight=90 -Dsun.zip.disableMemoryMapping=true -Xmx1G -Xms100m -Xlog:disable -javaagent:c:\Users\Admin\.vscode\extensions\redhat.java-1.39.0-win32-x64\lombok\lombok-1.18.34.jar c:\Users\Admin\.vscode\extensions\redhat.java-1.39.0-win32-x64\server\plugins\org.eclipse.equinox.launcher_1.6.900.v20240613-2009.jar -configuration c:\Users\Admin\AppData\Roaming\Code\User\globalStorage\redhat.java\1.39.0\config_ss_win -data c:\Users\Admin\AppData\Roaming\Code\User\workspaceStorage\e1147759e39b7914458f10dc0aa35d6f\redhat.java\ss_ws --pipe=\\.\pipe\lsp-28e63fe2536069658a56a6d82cdb4b8f-sock

Host: Intel(R) Celeron(R) N4500 @ 1.10GHz, 2 cores, 3G,  Windows 10 , 64 bit Build 19041 (10.0.19041.1889)
Time: Sat Feb 22 21:12:06 2025 Hora est. Pacífico, Sudamérica elapsed time: 26.281884 seconds (0d 0h 0m 26s)

---------------  T H R E A D  ---------------

Current thread (0x0000023ef117c4e0):  JavaThread "C2 CompilerThread0" daemon [_thread_in_native, id=5296, stack(0x00000083a4000000,0x00000083a4100000) (1024K)]


Current CompileTask:
C2:26281 3653       4       java.lang.invoke.MemberName::getMethodOrFieldType (72 bytes)

Stack: [0x00000083a4000000,0x00000083a4100000]
Native frames: (J=compiled Java code, j=interpreted, Vv=VM code, C=native code)
V  [jvm.dll+0x6cd4e9]
V  [jvm.dll+0x8a7941]
V  [jvm.dll+0x8a9e6e]
V  [jvm.dll+0x8aa543]
V  [jvm.dll+0x27f6d6]
V  [jvm.dll+0xc500d]
V  [jvm.dll+0xc5543]
V  [jvm.dll+0x3b660c]
V  [jvm.dll+0x1dfdf3]
V  [jvm.dll+0x247b22]
V  [jvm.dll+0x246faf]
V  [jvm.dll+0x1c75ce]
V  [jvm.dll+0x25682a]
V  [jvm.dll+0x254dca]
V  [jvm.dll+0x3f00d6]
V  [jvm.dll+0x8514fb]
V  [jvm.dll+0x6cbbed]
C  [ucrtbase.dll+0x21bb2]
C  [KERNEL32.DLL+0x17034]
C  [ntdll.dll+0x526a1]


---------------  P R O C E S S  ---------------

Threads class SMR info:
_java_thread_list=0x0000023ef6c869c0, length=19, elements={
0x0000023edcd26bc0, 0x0000023ef116e330, 0x0000023ef116fb90, 0x0000023ef1173410,
0x0000023ef1177bc0, 0x0000023ef1176810, 0x0000023ef1178250, 0x0000023ef117c4e0,
0x0000023ef11eb2a0, 0x0000023ef1177530, 0x0000023ef11788e0, 0x0000023ef11cb820,
0x0000023ef11d2120, 0x0000023ef11ceca0, 0x0000023ef11cf9c0, 0x0000023ef11cd8f0,
0x0000023ef11d1400, 0x0000023ef11d06e0, 0x0000023ef11d27b0
}

Java Threads: ( => current thread )
  0x0000023edcd26bc0 JavaThread "main"                              [_thread_blocked, id=4028, stack(0x00000083a3600000,0x00000083a3700000) (1024K)]
  0x0000023ef116e330 JavaThread "Reference Handler"          daemon [_thread_blocked, id=1988, stack(0x00000083a3a00000,0x00000083a3b00000) (1024K)]
  0x0000023ef116fb90 JavaThread "Finalizer"                  daemon [_thread_blocked, id=5204, stack(0x00000083a3b00000,0x00000083a3c00000) (1024K)]
  0x0000023ef1173410 JavaThread "Signal Dispatcher"          daemon [_thread_blocked, id=4600, stack(0x00000083a3c00000,0x00000083a3d00000) (1024K)]
  0x0000023ef1177bc0 JavaThread "Attach Listener"            daemon [_thread_blocked, id=2280, stack(0x00000083a3d00000,0x00000083a3e00000) (1024K)]
  0x0000023ef1176810 JavaThread "Service Thread"             daemon [_thread_blocked, id=4788, stack(0x00000083a3e00000,0x00000083a3f00000) (1024K)]
  0x0000023ef1178250 JavaThread "Monitor Deflation Thread"   daemon [_thread_blocked, id=4544, stack(0x00000083a3f00000,0x00000083a4000000) (1024K)]
=>0x0000023ef117c4e0 JavaThread "C2 CompilerThread0"         daemon [_thread_in_native, id=5296, stack(0x00000083a4000000,0x00000083a4100000) (1024K)]
  0x0000023ef11eb2a0 JavaThread "C1 CompilerThread0"         daemon [_thread_blocked, id=6088, stack(0x00000083a4100000,0x00000083a4200000) (1024K)]
  0x0000023ef1177530 JavaThread "Common-Cleaner"             daemon [_thread_blocked, id=3836, stack(0x00000083a4200000,0x00000083a4300000) (1024K)]
  0x0000023ef11788e0 JavaThread "Notification Thread"        daemon [_thread_blocked, id=5756, stack(0x00000083a4300000,0x00000083a4400000) (1024K)]
  0x0000023ef11cb820 JavaThread "JNA Cleaner"                daemon [_thread_blocked, id=4896, stack(0x00000083a4d00000,0x00000083a4e00000) (1024K)]
  0x0000023ef11d2120 JavaThread "Thread-2"                   daemon [_thread_in_native, id=4672, stack(0x00000083a5000000,0x00000083a5100000) (1024K)]
  0x0000023ef11ceca0 JavaThread "Thread-3"                   daemon [_thread_in_native, id=4712, stack(0x00000083a5100000,0x00000083a5200000) (1024K)]
  0x0000023ef11cf9c0 JavaThread "Thread-4"                   daemon [_thread_in_native, id=5480, stack(0x00000083a5200000,0x00000083a5300000) (1024K)]
  0x0000023ef11cd8f0 JavaThread "pool-2-thread-1"                   [_thread_blocked, id=1232, stack(0x00000083a5300000,0x00000083a5400000) (1024K)]
  0x0000023ef11d1400 JavaThread "WorkspaceEventsHandler"            [_thread_blocked, id=5536, stack(0x00000083a5400000,0x00000083a5500000) (1024K)]
  0x0000023ef11d06e0 JavaThread "pool-1-thread-1"                   [_thread_blocked, id=4156, stack(0x00000083a5500000,0x00000083a5600000) (1024K)]
  0x0000023ef11d27b0 JavaThread "pool-3-thread-1"                   [_thread_blocked, id=4272, stack(0x00000083a4900000,0x00000083a4a00000) (1024K)]
Total: 19

Other Threads:
  0x0000023ef1153580 VMThread "VM Thread"                           [id=4448, stack(0x00000083a3900000,0x00000083a3a00000) (1024K)]
  0x0000023ef1110ad0 WatcherThread "VM Periodic Task Thread"        [id=4988, stack(0x00000083a3800000,0x00000083a3900000) (1024K)]
  0x0000023edcd43bc0 WorkerThread "GC Thread#0"                     [id=3408, stack(0x00000083a3700000,0x00000083a3800000) (1024K)]
  0x0000023ef6190b50 WorkerThread "GC Thread#1"                     [id=4452, stack(0x00000083a4400000,0x00000083a4500000) (1024K)]
Total: 4

Threads with active compile tasks:
C2 CompilerThread0  26511 3653       4       java.lang.invoke.MemberName::getMethodOrFieldType (72 bytes)
Total: 1

VM state: not at safepoint (normal execution)

VM Mutex/Monitor currently owned by a thread: None

Heap address: 0x00000000c0000000, size: 1024 MB, Compressed Oops mode: 32-bit

CDS archive(s) mapped at: [0x0000023e80000000-0x0000023e80ba0000-0x0000023e80ba0000), size 12189696, SharedBaseAddress: 0x0000023e80000000, ArchiveRelocationMode: 1.
Compressed class space mapped at: 0x0000023e81000000-0x0000023ec1000000, reserved size: 1073741824
Narrow klass base: 0x0000023e80000000, Narrow klass shift: 0, Narrow klass range: 0x100000000

GC Precious Log:
 CardTable entry size: 512
 CPUs: 2 total, 2 available
 Memory: 3901M
 Large Page Support: Disabled
 NUMA Support: Disabled
 Compressed Oops: Enabled (32-bit)
 Alignments: Space 512K, Generation 512K, Heap 2M
 Heap Min Capacity: 100M
 Heap Initial Capacity: 100M
 Heap Max Capacity: 1G
 Pre-touch: Disabled
 Parallel Workers: 2

Heap:
 PSYoungGen      total 27136K, used 10026K [0x00000000eab00000, 0x00000000ecb00000, 0x0000000100000000)
  eden space 24064K, 28% used [0x00000000eab00000,0x00000000eb1ccea0,0x00000000ec280000)
  from space 3072K, 99% used [0x00000000ec800000,0x00000000ecafdd30,0x00000000ecb00000)
  to   space 4096K, 0% used [0x00000000ec300000,0x00000000ec300000,0x00000000ec700000)
 ParOldGen       total 68608K, used 10914K [0x00000000c0000000, 0x00000000c4300000, 0x00000000eab00000)
  object space 68608K, 15% used [0x00000000c0000000,0x00000000c0aa8b98,0x00000000c4300000)
 Metaspace       used 29874K, committed 30720K, reserved 1114112K
  class space    used 2963K, committed 3392K, reserved 1048576K

Card table byte_map: [0x0000023edc6e0000,0x0000023edc8f0000] _byte_map_base: 0x0000023edc0e0000

Marking Bits: (ParMarkBitMap*) 0x00007ff8492e2250
 Begin Bits: [0x0000023eef090000, 0x0000023ef0090000)
 End Bits:   [0x0000023ef0090000, 0x0000023ef1090000)

Polling page: 0x0000023edac60000

Metaspace:

Usage:
  Non-class:     26.28 MB used.
      Class:      2.89 MB used.
       Both:     29.17 MB used.

Virtual space:
  Non-class space:       64.00 MB reserved,      26.69 MB ( 42%) committed,  1 nodes.
      Class space:        1.00 GB reserved,       3.31 MB ( <1%) committed,  1 nodes.
             Both:        1.06 GB reserved,      30.00 MB (  3%) committed. 

Chunk freelists:
   Non-Class:  5.20 MB
       Class:  12.54 MB
        Both:  17.74 MB

MaxMetaspaceSize: unlimited
CompressedClassSpaceSize: 1.00 GB
Initial GC threshold: 21.00 MB
Current GC threshold: 35.00 MB
CDS: on
 - commit_granule_bytes: 65536.
 - commit_granule_words: 8192.
 - virtual_space_node_default_size: 8388608.
 - enlarge_chunks_in_place: 1.
 - use_allocation_guard: 0.


Internal statistics:

num_allocs_failed_limit: 3.
num_arena_births: 566.
num_arena_deaths: 14.
num_vsnodes_births: 2.
num_vsnodes_deaths: 0.
num_space_committed: 480.
num_space_uncommitted: 0.
num_chunks_returned_to_freelist: 17.
num_chunks_taken_from_freelist: 1699.
num_chunk_merges: 6.
num_chunk_splits: 1119.
num_chunks_enlarged: 724.
num_inconsistent_stats: 0.

CodeHeap 'non-profiled nmethods': size=120064Kb used=1609Kb max_used=1609Kb free=118454Kb
 bounds [0x0000023ee7b50000, 0x0000023ee7dc0000, 0x0000023eef090000]
CodeHeap 'profiled nmethods': size=120000Kb used=7387Kb max_used=7387Kb free=112612Kb
 bounds [0x0000023ee0090000, 0x0000023ee07d0000, 0x0000023ee75c0000]
CodeHeap 'non-nmethods': size=5696Kb used=1341Kb max_used=1357Kb free=4355Kb
 bounds [0x0000023ee75c0000, 0x0000023ee7830000, 0x0000023ee7b50000]
 total_blobs=4346 nmethods=3709 adapters=543
 compilation: enabled
              stopped_count=0, restarted_count=0
 full_count=0

Compilation events (20 events):
Event: 26.230 Thread 0x0000023ef11eb2a0 3665       1       org.eclipse.core.internal.jobs.InternalJob::next (5 bytes)
Event: 26.230 Thread 0x0000023ef11eb2a0 nmethod 3665 0x0000023ee7cdfb10 code [0x0000023ee7cdfca0, 0x0000023ee7cdfd68]
Event: 26.231 Thread 0x0000023ef11eb2a0 3666       3       java.lang.Module::getLayer (43 bytes)
Event: 26.231 Thread 0x0000023ef11eb2a0 nmethod 3666 0x0000023ee07ae890 code [0x0000023ee07aea60, 0x0000023ee07aedf8]
Event: 26.231 Thread 0x0000023ef11eb2a0 3667       3       java.io.FileDescriptor::valid (25 bytes)
Event: 26.232 Thread 0x0000023ef11eb2a0 nmethod 3667 0x0000023ee07aef10 code [0x0000023ee07af0c0, 0x0000023ee07af260]
Event: 26.232 Thread 0x0000023ef11eb2a0 3668       3       java.nio.Buffer::flip (20 bytes)
Event: 26.232 Thread 0x0000023ef11eb2a0 nmethod 3668 0x0000023ee07af310 code [0x0000023ee07af4a0, 0x0000023ee07af5c0]
Event: 26.243 Thread 0x0000023ef11eb2a0 3669       3       java.util.regex.ASCII::isDigit (18 bytes)
Event: 26.243 Thread 0x0000023ef11eb2a0 nmethod 3669 0x0000023ee07af690 code [0x0000023ee07af820, 0x0000023ee07af970]
Event: 26.243 Thread 0x0000023ef11eb2a0 3671       3       java.util.regex.Matcher::start (18 bytes)
Event: 26.244 Thread 0x0000023ef11eb2a0 nmethod 3671 0x0000023ee07afa10 code [0x0000023ee07afc00, 0x0000023ee07affb0]
Event: 26.245 Thread 0x0000023ef11eb2a0 3672       3       java.lang.Character::isSurrogate (18 bytes)
Event: 26.245 Thread 0x0000023ef11eb2a0 nmethod 3672 0x0000023ee07b0190 code [0x0000023ee07b0320, 0x0000023ee07b0498]
Event: 26.246 Thread 0x0000023ef11eb2a0 3673       3       org.eclipse.osgi.internal.framework.FilterImpl$Item::compare_ObjectArray (38 bytes)
Event: 26.246 Thread 0x0000023ef11eb2a0 nmethod 3673 0x0000023ee07b0510 code [0x0000023ee07b06e0, 0x0000023ee07b0978]
Event: 26.246 Thread 0x0000023ef11eb2a0 3674       3       java.lang.StringBuilder::toString (9 bytes)
Event: 26.246 Thread 0x0000023ef11eb2a0 nmethod 3674 0x0000023ee07b0a90 code [0x0000023ee07b0c40, 0x0000023ee07b0e50]
Event: 26.247 Thread 0x0000023ef11eb2a0 3675       3       java.lang.StringBuilder::append (8 bytes)
Event: 26.247 Thread 0x0000023ef11eb2a0 nmethod 3675 0x0000023ee07b0f90 code [0x0000023ee07b1140, 0x0000023ee07b1290]

GC Heap History (18 events):
Event: 3.606 GC heap before
{Heap before GC invocations=1 (full 0):
 PSYoungGen      total 29696K, used 25600K [0x00000000eab00000, 0x00000000ecc00000, 0x0000000100000000)
  eden space 25600K, 100% used [0x00000000eab00000,0x00000000ec400000,0x00000000ec400000)
  from space 4096K, 0% used [0x00000000ec800000,0x00000000ec800000,0x00000000ecc00000)
  to   space 4096K, 0% used [0x00000000ec400000,0x00000000ec400000,0x00000000ec800000)
 ParOldGen       total 68608K, used 0K [0x00000000c0000000, 0x00000000c4300000, 0x00000000eab00000)
  object space 68608K, 0% used [0x00000000c0000000,0x00000000c0000000,0x00000000c4300000)
 Metaspace       used 4383K, committed 4608K, reserved 1114112K
  class space    used 437K, committed 512K, reserved 1048576K
}
Event: 3.627 GC heap after
{Heap after GC invocations=1 (full 0):
 PSYoungGen      total 29696K, used 3222K [0x00000000eab00000, 0x00000000ecc00000, 0x0000000100000000)
  eden space 25600K, 0% used [0x00000000eab00000,0x00000000eab00000,0x00000000ec400000)
  from space 4096K, 78% used [0x00000000ec400000,0x00000000ec725860,0x00000000ec800000)
  to   space 4096K, 0% used [0x00000000ec800000,0x00000000ec800000,0x00000000ecc00000)
 ParOldGen       total 68608K, used 0K [0x00000000c0000000, 0x00000000c4300000, 0x00000000eab00000)
  object space 68608K, 0% used [0x00000000c0000000,0x00000000c0000000,0x00000000c4300000)
 Metaspace       used 4383K, committed 4608K, reserved 1114112K
  class space    used 437K, committed 512K, reserved 1048576K
}
Event: 6.878 GC heap before
{Heap before GC invocations=2 (full 0):
 PSYoungGen      total 29696K, used 28822K [0x00000000eab00000, 0x00000000ecc00000, 0x0000000100000000)
  eden space 25600K, 100% used [0x00000000eab00000,0x00000000ec400000,0x00000000ec400000)
  from space 4096K, 78% used [0x00000000ec400000,0x00000000ec725860,0x00000000ec800000)
  to   space 4096K, 0% used [0x00000000ec800000,0x00000000ec800000,0x00000000ecc00000)
 ParOldGen       total 68608K, used 0K [0x00000000c0000000, 0x00000000c4300000, 0x00000000eab00000)
  object space 68608K, 0% used [0x00000000c0000000,0x00000000c0000000,0x00000000c4300000)
 Metaspace       used 8257K, committed 8576K, reserved 1114112K
  class space    used 813K, committed 960K, reserved 1048576K
}
Event: 6.891 GC heap after
{Heap after GC invocations=2 (full 0):
 PSYoungGen      total 29696K, used 4074K [0x00000000eab00000, 0x00000000ecc00000, 0x0000000100000000)
  eden space 25600K, 0% used [0x00000000eab00000,0x00000000eab00000,0x00000000ec400000)
  from space 4096K, 99% used [0x00000000ec800000,0x00000000ecbfa9a8,0x00000000ecc00000)
  to   space 4096K, 0% used [0x00000000ec400000,0x00000000ec400000,0x00000000ec800000)
 ParOldGen       total 68608K, used 929K [0x00000000c0000000, 0x00000000c4300000, 0x00000000eab00000)
  object space 68608K, 1% used [0x00000000c0000000,0x00000000c00e86a8,0x00000000c4300000)
 Metaspace       used 8257K, committed 8576K, reserved 1114112K
  class space    used 813K, committed 960K, reserved 1048576K
}
Event: 9.021 GC heap before
{Heap before GC invocations=3 (full 0):
 PSYoungGen      total 29696K, used 29674K [0x00000000eab00000, 0x00000000ecc00000, 0x0000000100000000)
  eden space 25600K, 100% used [0x00000000eab00000,0x00000000ec400000,0x00000000ec400000)
  from space 4096K, 99% used [0x00000000ec800000,0x00000000ecbfa9a8,0x00000000ecc00000)
  to   space 4096K, 0% used [0x00000000ec400000,0x00000000ec400000,0x00000000ec800000)
 ParOldGen       total 68608K, used 929K [0x00000000c0000000, 0x00000000c4300000, 0x00000000eab00000)
  object space 68608K, 1% used [0x00000000c0000000,0x00000000c00e86a8,0x00000000c4300000)
 Metaspace       used 13150K, committed 13696K, reserved 1114112K
  class space    used 1324K, committed 1536K, reserved 1048576K
}
Event: 9.029 GC heap after
{Heap after GC invocations=3 (full 0):
 PSYoungGen      total 29696K, used 4093K [0x00000000eab00000, 0x00000000ecc00000, 0x0000000100000000)
  eden space 25600K, 0% used [0x00000000eab00000,0x00000000eab00000,0x00000000ec400000)
  from space 4096K, 99% used [0x00000000ec400000,0x00000000ec7ff490,0x00000000ec800000)
  to   space 4096K, 0% used [0x00000000ec800000,0x00000000ec800000,0x00000000ecc00000)
 ParOldGen       total 68608K, used 2763K [0x00000000c0000000, 0x00000000c4300000, 0x00000000eab00000)
  object space 68608K, 4% used [0x00000000c0000000,0x00000000c02b2ef8,0x00000000c4300000)
 Metaspace       used 13150K, committed 13696K, reserved 1114112K
  class space    used 1324K, committed 1536K, reserved 1048576K
}
Event: 9.952 GC heap before
{Heap before GC invocations=4 (full 0):
 PSYoungGen      total 29696K, used 29693K [0x00000000eab00000, 0x00000000ecc00000, 0x0000000100000000)
  eden space 25600K, 100% used [0x00000000eab00000,0x00000000ec400000,0x00000000ec400000)
  from space 4096K, 99% used [0x00000000ec400000,0x00000000ec7ff490,0x00000000ec800000)
  to   space 4096K, 0% used [0x00000000ec800000,0x00000000ec800000,0x00000000ecc00000)
 ParOldGen       total 68608K, used 2763K [0x00000000c0000000, 0x00000000c4300000, 0x00000000eab00000)
  object space 68608K, 4% used [0x00000000c0000000,0x00000000c02b2ef8,0x00000000c4300000)
 Metaspace       used 15828K, committed 16512K, reserved 1114112K
  class space    used 1576K, committed 1856K, reserved 1048576K
}
Event: 9.960 GC heap after
{Heap after GC invocations=4 (full 0):
 PSYoungGen      total 29696K, used 4084K [0x00000000eab00000, 0x00000000ecc00000, 0x0000000100000000)
  eden space 25600K, 0% used [0x00000000eab00000,0x00000000eab00000,0x00000000ec400000)
  from space 4096K, 99% used [0x00000000ec800000,0x00000000ecbfd3d0,0x00000000ecc00000)
  to   space 4096K, 0% used [0x00000000ec400000,0x00000000ec400000,0x00000000ec800000)
 ParOldGen       total 68608K, used 4914K [0x00000000c0000000, 0x00000000c4300000, 0x00000000eab00000)
  object space 68608K, 7% used [0x00000000c0000000,0x00000000c04cc970,0x00000000c4300000)
 Metaspace       used 15828K, committed 16512K, reserved 1114112K
  class space    used 1576K, committed 1856K, reserved 1048576K
}
Event: 10.856 GC heap before
{Heap before GC invocations=5 (full 0):
 PSYoungGen      total 29696K, used 29684K [0x00000000eab00000, 0x00000000ecc00000, 0x0000000100000000)
  eden space 25600K, 100% used [0x00000000eab00000,0x00000000ec400000,0x00000000ec400000)
  from space 4096K, 99% used [0x00000000ec800000,0x00000000ecbfd3d0,0x00000000ecc00000)
  to   space 4096K, 0% used [0x00000000ec400000,0x00000000ec400000,0x00000000ec800000)
 ParOldGen       total 68608K, used 4914K [0x00000000c0000000, 0x00000000c4300000, 0x00000000eab00000)
  object space 68608K, 7% used [0x00000000c0000000,0x00000000c04cc970,0x00000000c4300000)
 Metaspace       used 20205K, committed 20800K, reserved 1114112K
  class space    used 1881K, committed 2112K, reserved 1048576K
}
Event: 10.866 GC heap after
{Heap after GC invocations=5 (full 0):
 PSYoungGen      total 29184K, used 4070K [0x00000000eab00000, 0x00000000ed180000, 0x0000000100000000)
  eden space 25088K, 0% used [0x00000000eab00000,0x00000000eab00000,0x00000000ec380000)
  from space 4096K, 99% used [0x00000000ec400000,0x00000000ec7f9bd8,0x00000000ec800000)
  to   space 7168K, 0% used [0x00000000eca80000,0x00000000eca80000,0x00000000ed180000)
 ParOldGen       total 68608K, used 7562K [0x00000000c0000000, 0x00000000c4300000, 0x00000000eab00000)
  object space 68608K, 11% used [0x00000000c0000000,0x00000000c0762a40,0x00000000c4300000)
 Metaspace       used 20205K, committed 20800K, reserved 1114112K
  class space    used 1881K, committed 2112K, reserved 1048576K
}
Event: 11.609 GC heap before
{Heap before GC invocations=6 (full 0):
 PSYoungGen      total 29184K, used 22136K [0x00000000eab00000, 0x00000000ed180000, 0x0000000100000000)
  eden space 25088K, 72% used [0x00000000eab00000,0x00000000ebca4568,0x00000000ec380000)
  from space 4096K, 99% used [0x00000000ec400000,0x00000000ec7f9bd8,0x00000000ec800000)
  to   space 7168K, 0% used [0x00000000eca80000,0x00000000eca80000,0x00000000ed180000)
 ParOldGen       total 68608K, used 7562K [0x00000000c0000000, 0x00000000c4300000, 0x00000000eab00000)
  object space 68608K, 11% used [0x00000000c0000000,0x00000000c0762a40,0x00000000c4300000)
 Metaspace       used 20899K, committed 21504K, reserved 1114112K
  class space    used 1929K, committed 2176K, reserved 1048576K
}
Event: 11.618 GC heap after
{Heap after GC invocations=6 (full 0):
 PSYoungGen      total 30208K, used 4958K [0x00000000eab00000, 0x00000000ecf80000, 0x0000000100000000)
  eden space 25088K, 0% used [0x00000000eab00000,0x00000000eab00000,0x00000000ec380000)
  from space 5120K, 96% used [0x00000000eca80000,0x00000000ecf57948,0x00000000ecf80000)
  to   space 5632K, 0% used [0x00000000ec480000,0x00000000ec480000,0x00000000eca00000)
 ParOldGen       total 68608K, used 7570K [0x00000000c0000000, 0x00000000c4300000, 0x00000000eab00000)
  object space 68608K, 11% used [0x00000000c0000000,0x00000000c0764a40,0x00000000c4300000)
 Metaspace       used 20899K, committed 21504K, reserved 1114112K
  class space    used 1929K, committed 2176K, reserved 1048576K
}
Event: 11.618 GC heap before
{Heap before GC invocations=7 (full 1):
 PSYoungGen      total 30208K, used 4958K [0x00000000eab00000, 0x00000000ecf80000, 0x0000000100000000)
  eden space 25088K, 0% used [0x00000000eab00000,0x00000000eab00000,0x00000000ec380000)
  from space 5120K, 96% used [0x00000000eca80000,0x00000000ecf57948,0x00000000ecf80000)
  to   space 5632K, 0% used [0x00000000ec480000,0x00000000ec480000,0x00000000eca00000)
 ParOldGen       total 68608K, used 7570K [0x00000000c0000000, 0x00000000c4300000, 0x00000000eab00000)
  object space 68608K, 11% used [0x00000000c0000000,0x00000000c0764a40,0x00000000c4300000)
 Metaspace       used 20899K, committed 21504K, reserved 1114112K
  class space    used 1929K, committed 2176K, reserved 1048576K
}
Event: 11.659 GC heap after
{Heap after GC invocations=7 (full 1):
 PSYoungGen      total 30208K, used 0K [0x00000000eab00000, 0x00000000ecf80000, 0x0000000100000000)
  eden space 25088K, 0% used [0x00000000eab00000,0x00000000eab00000,0x00000000ec380000)
  from space 5120K, 0% used [0x00000000eca80000,0x00000000eca80000,0x00000000ecf80000)
  to   space 5632K, 0% used [0x00000000ec480000,0x00000000ec480000,0x00000000eca00000)
 ParOldGen       total 68608K, used 10542K [0x00000000c0000000, 0x00000000c4300000, 0x00000000eab00000)
  object space 68608K, 15% used [0x00000000c0000000,0x00000000c0a4b968,0x00000000c4300000)
 Metaspace       used 20886K, committed 21504K, reserved 1114112K
  class space    used 1925K, committed 2176K, reserved 1048576K
}
Event: 12.938 GC heap before
{Heap before GC invocations=8 (full 1):
 PSYoungGen      total 30208K, used 25088K [0x00000000eab00000, 0x00000000ecf80000, 0x0000000100000000)
  eden space 25088K, 100% used [0x00000000eab00000,0x00000000ec380000,0x00000000ec380000)
  from space 5120K, 0% used [0x00000000eca80000,0x00000000eca80000,0x00000000ecf80000)
  to   space 5632K, 0% used [0x00000000ec480000,0x00000000ec480000,0x00000000eca00000)
 ParOldGen       total 68608K, used 10542K [0x00000000c0000000, 0x00000000c4300000, 0x00000000eab00000)
  object space 68608K, 15% used [0x00000000c0000000,0x00000000c0a4b968,0x00000000c4300000)
 Metaspace       used 25399K, committed 26112K, reserved 1114112K
  class space    used 2425K, committed 2752K, reserved 1048576K
}
Event: 12.941 GC heap after
{Heap after GC invocations=8 (full 1):
 PSYoungGen      total 26624K, used 1748K [0x00000000eab00000, 0x00000000ecb00000, 0x0000000100000000)
  eden space 24576K, 0% used [0x00000000eab00000,0x00000000eab00000,0x00000000ec300000)
  from space 2048K, 85% used [0x00000000ec480000,0x00000000ec6351f8,0x00000000ec680000)
  to   space 3072K, 0% used [0x00000000ec800000,0x00000000ec800000,0x00000000ecb00000)
 ParOldGen       total 68608K, used 10550K [0x00000000c0000000, 0x00000000c4300000, 0x00000000eab00000)
  object space 68608K, 15% used [0x00000000c0000000,0x00000000c0a4d968,0x00000000c4300000)
 Metaspace       used 25399K, committed 26112K, reserved 1114112K
  class space    used 2425K, committed 2752K, reserved 1048576K
}
Event: 14.561 GC heap before
{Heap before GC invocations=9 (full 1):
 PSYoungGen      total 26624K, used 26324K [0x00000000eab00000, 0x00000000ecb00000, 0x0000000100000000)
  eden space 24576K, 100% used [0x00000000eab00000,0x00000000ec300000,0x00000000ec300000)
  from space 2048K, 85% used [0x00000000ec480000,0x00000000ec6351f8,0x00000000ec680000)
  to   space 3072K, 0% used [0x00000000ec800000,0x00000000ec800000,0x00000000ecb00000)
 ParOldGen       total 68608K, used 10550K [0x00000000c0000000, 0x00000000c4300000, 0x00000000eab00000)
  object space 68608K, 15% used [0x00000000c0000000,0x00000000c0a4d968,0x00000000c4300000)
 Metaspace       used 28990K, committed 29824K, reserved 1114112K
  class space    used 2836K, committed 3200K, reserved 1048576K
}
Event: 14.566 GC heap after
{Heap after GC invocations=9 (full 1):
 PSYoungGen      total 27136K, used 3063K [0x00000000eab00000, 0x00000000ecb00000, 0x0000000100000000)
  eden space 24064K, 0% used [0x00000000eab00000,0x00000000eab00000,0x00000000ec280000)
  from space 3072K, 99% used [0x00000000ec800000,0x00000000ecafdd30,0x00000000ecb00000)
  to   space 4096K, 0% used [0x00000000ec300000,0x00000000ec300000,0x00000000ec700000)
 ParOldGen       total 68608K, used 10914K [0x00000000c0000000, 0x00000000c4300000, 0x00000000eab00000)
  object space 68608K, 15% used [0x00000000c0000000,0x00000000c0aa8b98,0x00000000c4300000)
 Metaspace       used 28990K, committed 29824K, reserved 1114112K
  class space    used 2836K, committed 3200K, reserved 1048576K
}

Dll operation events (12 events):
Event: 0.008 Loaded shared library c:\Users\Admin\.vscode\extensions\redhat.java-1.39.0-win32-x64\jre\21.0.5-win32-x86_64\bin\java.dll
Event: 0.147 Loaded shared library c:\Users\Admin\.vscode\extensions\redhat.java-1.39.0-win32-x64\jre\21.0.5-win32-x86_64\bin\zip.dll
Event: 0.190 Loaded shared library C:\Users\Admin\.vscode\extensions\redhat.java-1.39.0-win32-x64\jre\21.0.5-win32-x86_64\bin\instrument.dll
Event: 0.201 Loaded shared library C:\Users\Admin\.vscode\extensions\redhat.java-1.39.0-win32-x64\jre\21.0.5-win32-x86_64\bin\net.dll
Event: 0.216 Loaded shared library C:\Users\Admin\.vscode\extensions\redhat.java-1.39.0-win32-x64\jre\21.0.5-win32-x86_64\bin\nio.dll
Event: 0.221 Loaded shared library C:\Users\Admin\.vscode\extensions\redhat.java-1.39.0-win32-x64\jre\21.0.5-win32-x86_64\bin\zip.dll
Event: 0.274 Loaded shared library C:\Users\Admin\.vscode\extensions\redhat.java-1.39.0-win32-x64\jre\21.0.5-win32-x86_64\bin\jimage.dll
Event: 0.680 Loaded shared library c:\Users\Admin\.vscode\extensions\redhat.java-1.39.0-win32-x64\jre\21.0.5-win32-x86_64\bin\verify.dll
Event: 6.510 Loaded shared library C:\Users\Admin\AppData\Roaming\Code\User\globalStorage\redhat.java\1.39.0\config_ss_win\org.eclipse.equinox.launcher\org.eclipse.equinox.launcher.win32.win32.x86_64_1.2.1100.v20240722-2106\eclipse_11904.dll
Event: 8.990 Loaded shared library C:\Users\Admin\.vscode\extensions\redhat.java-1.39.0-win32-x64\jre\21.0.5-win32-x86_64\bin\management.dll
Event: 8.997 Loaded shared library C:\Users\Admin\.vscode\extensions\redhat.java-1.39.0-win32-x64\jre\21.0.5-win32-x86_64\bin\management_ext.dll
Event: 12.595 Loaded shared library C:\Users\Admin\AppData\Local\Temp\jna-63116079\jna4146115785829159730.dll

Deoptimization events (20 events):
Event: 26.223 Thread 0x0000023ef11cd260 Uncommon trap: trap_request=0xffffffc6 fr.pc=0x0000023ee7c7a1a0 relative=0x0000000000000780
Event: 26.223 Thread 0x0000023ef11cd260 Uncommon trap: reason=bimorphic_or_optimized_type_check action=maybe_recompile pc=0x0000023ee7c7a1a0 method=java.util.HashMap.putVal(ILjava/lang/Object;Ljava/lang/Object;ZZ)Ljava/lang/Object; @ 91 c2
Event: 26.223 Thread 0x0000023ef11cd260 DEOPT PACKING pc=0x0000023ee7c7a1a0 sp=0x00000083a4bfd7b0
Event: 26.223 Thread 0x0000023ef11cd260 DEOPT UNPACKING pc=0x0000023ee7613a9c sp=0x00000083a4bfd6b8 mode 2
Event: 26.223 Thread 0x0000023ef11cd260 Uncommon trap: trap_request=0xffffff45 fr.pc=0x0000023ee7c7808c relative=0x000000000000092c
Event: 26.223 Thread 0x0000023ef11cd260 Uncommon trap: reason=unstable_if action=reinterpret pc=0x0000023ee7c7808c method=java.util.concurrent.ConcurrentHashMap.putVal(Ljava/lang/Object;Ljava/lang/Object;Z)Ljava/lang/Object; @ 401 c2
Event: 26.223 Thread 0x0000023ef11cd260 DEOPT PACKING pc=0x0000023ee7c7808c sp=0x00000083a4bfcf90
Event: 26.223 Thread 0x0000023ef11cd260 DEOPT UNPACKING pc=0x0000023ee7613a9c sp=0x00000083a4bfcf00 mode 2
Event: 26.233 Thread 0x0000023ef11d06e0 Uncommon trap: trap_request=0x0000002e fr.pc=0x0000023ee7cb7f08 relative=0x0000000000000428
Event: 26.233 Thread 0x0000023ef11d06e0 Uncommon trap: reason=unloaded action=reinterpret pc=0x0000023ee7cb7f08 method=org.eclipse.jdt.ls.core.internal.ConnectionStreamFactory$NamedPipeInputStream.read()I @ 119 c2
Event: 26.233 Thread 0x0000023ef11d06e0 DEOPT PACKING pc=0x0000023ee7cb7f08 sp=0x00000083a55fee00
Event: 26.233 Thread 0x0000023ef11d06e0 DEOPT UNPACKING pc=0x0000023ee7613a9c sp=0x00000083a55feda0 mode 2
Event: 26.244 Thread 0x0000023ef11d06e0 Uncommon trap: trap_request=0xffffff45 fr.pc=0x0000023ee7bd6be0 relative=0x0000000000000460
Event: 26.244 Thread 0x0000023ef11d06e0 Uncommon trap: reason=unstable_if action=reinterpret pc=0x0000023ee7bd6be0 method=java.lang.AbstractStringBuilder.inflateIfNeededFor(Ljava/lang/String;)V @ 14 c2
Event: 26.244 Thread 0x0000023ef11d06e0 DEOPT PACKING pc=0x0000023ee7bd6be0 sp=0x00000083a55fe700
Event: 26.244 Thread 0x0000023ef11d06e0 DEOPT UNPACKING pc=0x0000023ee7613a9c sp=0x00000083a55fe5b0 mode 2
Event: 26.244 Thread 0x0000023ef11d06e0 Uncommon trap: trap_request=0xffffff45 fr.pc=0x0000023ee7bf6214 relative=0x00000000000003d4
Event: 26.244 Thread 0x0000023ef11d06e0 Uncommon trap: reason=unstable_if action=reinterpret pc=0x0000023ee7bf6214 method=java.lang.AbstractStringBuilder.isLatin1()Z @ 10 c2
Event: 26.244 Thread 0x0000023ef11d06e0 DEOPT PACKING pc=0x0000023ee7bf6214 sp=0x00000083a55fe7a0
Event: 26.244 Thread 0x0000023ef11d06e0 DEOPT UNPACKING pc=0x0000023ee7613a9c sp=0x00000083a55fe638 mode 2

Classes loaded (20 events):
Event: 26.240 Loading class java/lang/StackStreamFactory$WalkerState
Event: 26.240 Loading class java/lang/StackStreamFactory$WalkerState done
Event: 26.240 Loading class java/lang/StackStreamFactory$StackFrameTraverser$StackFrameBuffer
Event: 26.240 Loading class java/lang/StackStreamFactory$FrameBuffer
Event: 26.240 Loading class java/lang/StackStreamFactory$FrameBuffer done
Event: 26.240 Loading class java/lang/StackStreamFactory$StackFrameTraverser$StackFrameBuffer done
Event: 26.242 Loading class java/util/logging/Level$RbAccess
Event: 26.242 Loading class java/util/logging/Level$RbAccess done
Event: 26.242 Loading class sun/util/logging/resources/logging
Event: 26.242 Loading class sun/util/logging/resources/logging done
Event: 26.242 Loading class sun/util/logging/resources/logging_es
Event: 26.242 Loading class sun/util/logging/resources/logging_es done
Event: 26.242 Loading class sun/util/logging/resources/logging_es_CO
Event: 26.242 Loading class sun/util/logging/resources/logging_es_CO done
Event: 26.242 Loading class sun/util/logging/resources/logging_es_CO
Event: 26.242 Loading class sun/util/logging/resources/logging_es_CO done
Event: 26.243 Loading class java/util/Formatter$DateTime
Event: 26.243 Loading class java/util/Formatter$DateTime done
Event: 26.244 Loading class java/time/ZonedDateTime$1
Event: 26.244 Loading class java/time/ZonedDateTime$1 done

Classes unloaded (7 events):
Event: 11.628 Thread 0x0000023ef1153580 Unloading class 0x0000023e81187400 'java/lang/invoke/LambdaForm$MH+0x0000023e81187400'
Event: 11.628 Thread 0x0000023ef1153580 Unloading class 0x0000023e81187000 'java/lang/invoke/LambdaForm$MH+0x0000023e81187000'
Event: 11.628 Thread 0x0000023ef1153580 Unloading class 0x0000023e81186c00 'java/lang/invoke/LambdaForm$MH+0x0000023e81186c00'
Event: 11.628 Thread 0x0000023ef1153580 Unloading class 0x0000023e81186800 'java/lang/invoke/LambdaForm$MH+0x0000023e81186800'
Event: 11.628 Thread 0x0000023ef1153580 Unloading class 0x0000023e81186400 'java/lang/invoke/LambdaForm$BMH+0x0000023e81186400'
Event: 11.628 Thread 0x0000023ef1153580 Unloading class 0x0000023e81186000 'java/lang/invoke/LambdaForm$DMH+0x0000023e81186000'
Event: 11.628 Thread 0x0000023ef1153580 Unloading class 0x0000023e81184c00 'java/lang/invoke/LambdaForm$DMH+0x0000023e81184c00'

Classes redefined (0 events):
No events

Internal exceptions (20 events):
Event: 14.346 Thread 0x0000023ef11d06e0 Exception <a 'sun/nio/fs/WindowsException'{0x00000000ebfa22a8}> (0x00000000ebfa22a8) 
thrown [s\src\hotspot\share\prims\jni.cpp, line 520]
Event: 14.346 Thread 0x0000023ef11d06e0 Exception <a 'sun/nio/fs/WindowsException'{0x00000000ebfa2c80}> (0x00000000ebfa2c80) 
thrown [s\src\hotspot\share\prims\jni.cpp, line 520]
Event: 14.347 Thread 0x0000023ef11d06e0 Exception <a 'sun/nio/fs/WindowsException'{0x00000000ebfa4af8}> (0x00000000ebfa4af8) 
thrown [s\src\hotspot\share\prims\jni.cpp, line 520]
Event: 14.347 Thread 0x0000023ef11d06e0 Exception <a 'sun/nio/fs/WindowsException'{0x00000000ebfac3a8}> (0x00000000ebfac3a8) 
thrown [s\src\hotspot\share\prims\jni.cpp, line 520]
Event: 14.354 Thread 0x0000023ef11cd260 Exception <a 'sun/nio/fs/WindowsException'{0x00000000ec034490}> (0x00000000ec034490) 
thrown [s\src\hotspot\share\prims\jni.cpp, line 520]
Event: 14.357 Thread 0x0000023ef11cd260 Exception <a 'sun/nio/fs/WindowsException'{0x00000000ec040a40}> (0x00000000ec040a40) 
thrown [s\src\hotspot\share\prims\jni.cpp, line 520]
Event: 14.360 Thread 0x0000023ef11cd260 Exception <a 'sun/nio/fs/WindowsException'{0x00000000ec04d2c8}> (0x00000000ec04d2c8) 
thrown [s\src\hotspot\share\prims\jni.cpp, line 520]
Event: 14.410 Thread 0x0000023ef11d06e0 Exception <a 'sun/nio/fs/WindowsException'{0x00000000ec05c8f8}> (0x00000000ec05c8f8) 
thrown [s\src\hotspot\share\prims\jni.cpp, line 520]
Event: 14.411 Thread 0x0000023ef11d06e0 Exception <a 'sun/nio/fs/WindowsException'{0x00000000ec05d3f8}> (0x00000000ec05d3f8) 
thrown [s\src\hotspot\share\prims\jni.cpp, line 520]
Event: 14.411 Thread 0x0000023ef11d06e0 Exception <a 'sun/nio/fs/WindowsException'{0x00000000ec05e410}> (0x00000000ec05e410) 
thrown [s\src\hotspot\share\prims\jni.cpp, line 520]
Event: 14.411 Thread 0x0000023ef11d06e0 Exception <a 'sun/nio/fs/WindowsException'{0x00000000ec05ede8}> (0x00000000ec05ede8) 
thrown [s\src\hotspot\share\prims\jni.cpp, line 520]
Event: 14.414 Thread 0x0000023ef11d06e0 Exception <a 'sun/nio/fs/WindowsException'{0x00000000ec070b38}> (0x00000000ec070b38) 
thrown [s\src\hotspot\share\prims\jni.cpp, line 520]
Event: 14.414 Thread 0x0000023ef11d06e0 Exception <a 'sun/nio/fs/WindowsException'{0x00000000ec076dd8}> (0x00000000ec076dd8) 
thrown [s\src\hotspot\share\prims\jni.cpp, line 520]
Event: 14.509 Thread 0x0000023ef11d06e0 Exception <a 'java/lang/IncompatibleClassChangeError'{0x00000000ec2d2bc8}: Found class java.lang.Object, but interface was expected> (0x00000000ec2d2bc8) 
thrown [s\src\hotspot\share\interpreter\linkResolver.cpp, line 840]
Event: 25.865 Thread 0x0000023ef11d06e0 Exception <a 'java/lang/NoSuchMethodError'{0x00000000eac0cf00}: 'void java.lang.invoke.DirectMethodHandle$Holder.invokeInterface(java.lang.Object, java.lang.Object)'> (0x00000000eac0cf00) 
thrown [s\src\hotspot\share\interpreter\linkResolver.cpp, line 773]
Event: 25.884 Thread 0x0000023ef11cd260 Exception <a 'java/io/FileNotFoundException'{0x00000000ead3cd38}> (0x00000000ead3cd38) 
thrown [s\src\hotspot\share\prims\jni.cpp, line 520]
Event: 25.991 Thread 0x0000023ef11cd260 Exception <a 'java/lang/NoSuchMethodError'{0x00000000ead90220}: 'java.lang.Object java.lang.invoke.DirectMethodHandle$Holder.newInvokeSpecial(java.lang.Object, java.lang.Object, java.lang.Object, java.lang.Object, java.lang.Object, java.lang.Object, java.lang.Object, java.lang.Object, java.lang.Object, java.lang.Object)'> (0x00000000ead90220) 
thrown [s\src\hotspot\share\interpreter\linkResolver.cpp, line 773]
Event: 26.026 Thread 0x0000023ef11cd260 Exception <a 'sun/nio/fs/WindowsException'{0x00000000eae64d30}> (0x00000000eae64d30) 
thrown [s\src\hotspot\share\prims\jni.cpp, line 520]
Event: 26.232 Thread 0x0000023ef11d06e0 Exception <a 'java/io/IOException'{0x00000000eac2d278}> (0x00000000eac2d278) 
thrown [s\src\hotspot\share\prims\jni.cpp, line 520]
Event: 26.242 Thread 0x0000023ef11d06e0 Exception <a 'java/lang/ClassNotFoundException'{0x00000000eafa9ec0}: sun/util/logging/resources/spi/loggingProvider> (0x00000000eafa9ec0) 
thrown [s\src\hotspot\share\classfile\systemDictionary.cpp, line 312]

ZGC Phase Switch (0 events):
No events

VM Operations (20 events):
Event: 11.877 Executing VM operation: HandshakeAllThreads (Deoptimize)
Event: 11.877 Executing VM operation: HandshakeAllThreads (Deoptimize) done
Event: 11.878 Executing VM operation: HandshakeAllThreads (Deoptimize)
Event: 11.878 Executing VM operation: HandshakeAllThreads (Deoptimize) done
Event: 12.337 Executing VM operation: HandshakeAllThreads (Deoptimize)
Event: 12.337 Executing VM operation: HandshakeAllThreads (Deoptimize) done
Event: 12.407 Executing VM operation: HandshakeAllThreads (Deoptimize)
Event: 12.407 Executing VM operation: HandshakeAllThreads (Deoptimize) done
Event: 12.612 Executing VM operation: HandshakeAllThreads (Deoptimize)
Event: 12.612 Executing VM operation: HandshakeAllThreads (Deoptimize) done
Event: 12.938 Executing VM operation: ParallelGCFailedAllocation (Allocation Failure)
Event: 12.941 Executing VM operation: ParallelGCFailedAllocation (Allocation Failure) done
Event: 13.860 Executing VM operation: HandshakeAllThreads (Deoptimize)
Event: 13.861 Executing VM operation: HandshakeAllThreads (Deoptimize) done
Event: 14.329 Executing VM operation: ICBufferFull
Event: 14.329 Executing VM operation: ICBufferFull done
Event: 14.560 Executing VM operation: ParallelGCFailedAllocation (Allocation Failure)
Event: 14.566 Executing VM operation: ParallelGCFailedAllocation (Allocation Failure) done
Event: 15.576 Executing VM operation: Cleanup
Event: 15.576 Executing VM operation: Cleanup done

Memory protections (0 events):
No events

Nmethod flushes (0 events):
No events

Events (20 events):
Event: 7.137 Thread 0x0000023ef1179600 Thread added: 0x0000023ef11cdf80
Event: 8.477 Thread 0x0000023ef1179600 Thread added: 0x0000023ef11cf330
Event: 9.229 Thread 0x0000023ef1179600 Thread added: 0x0000023ef11cd260
Event: 9.460 Thread 0x0000023ef1179600 Thread added: 0x0000023ef11cc540
Event: 11.312 Thread 0x0000023ef1179600 Thread added: 0x0000023ef11cd8f0
Event: 11.791 Thread 0x0000023ef11cd8f0 Thread exited: 0x0000023ef11cd8f0
Event: 12.622 Thread 0x0000023ef1179600 Thread added: 0x0000023ef11cb820
Event: 12.803 Thread 0x0000023edcd26bc0 Thread added: 0x0000023ef11d2120
Event: 12.804 Thread 0x0000023edcd26bc0 Thread added: 0x0000023ef11ceca0
Event: 12.804 Thread 0x0000023edcd26bc0 Thread added: 0x0000023ef11cf9c0
Event: 12.812 Thread 0x0000023edcd26bc0 Thread added: 0x0000023ef11cd8f0
Event: 13.129 Thread 0x0000023edcd26bc0 Thread added: 0x0000023ef11d1400
Event: 13.129 Thread 0x0000023edcd26bc0 Thread added: 0x0000023ef11d06e0
Event: 14.556 Thread 0x0000023ef11cdf80 Thread exited: 0x0000023ef11cdf80
Event: 25.643 Thread 0x0000023ef11d06e0 Thread added: 0x0000023ef11d0050
Event: 25.754 Thread 0x0000023ef11cd260 Thread added: 0x0000023ef11d0d70
Event: 25.756 Thread 0x0000023ef11d0050 Thread exited: 0x0000023ef11d0050
Event: 25.869 Thread 0x0000023ef11d06e0 Thread added: 0x0000023ef11d27b0
Event: 25.881 Thread 0x0000023ef11d0d70 Thread exited: 0x0000023ef11d0d70
Event: 26.248 Thread 0x0000023edcd26bc0 Thread added: 0x0000023ef11d2e40


Dynamic libraries:
0x00007ff6227a0000 - 0x00007ff6227ae000 	c:\Users\Admin\.vscode\extensions\redhat.java-1.39.0-win32-x64\jre\21.0.5-win32-x86_64\bin\java.exe
0x00007ff888e50000 - 0x00007ff889048000 	C:\Windows\SYSTEM32\ntdll.dll
0x00007ff888d50000 - 0x00007ff888e0d000 	C:\Windows\System32\KERNEL32.DLL
0x00007ff886ba0000 - 0x00007ff886e73000 	C:\Windows\System32\KERNELBASE.dll
0x00007ff886700000 - 0x00007ff886800000 	C:\Windows\System32\ucrtbase.dll
0x00007ff883d50000 - 0x00007ff883d68000 	c:\Users\Admin\.vscode\extensions\redhat.java-1.39.0-win32-x64\jre\21.0.5-win32-x86_64\bin\jli.dll
0x00007ff887530000 - 0x00007ff8876ce000 	C:\Windows\System32\USER32.dll
0x00007ff8866d0000 - 0x00007ff8866f2000 	C:\Windows\System32\win32u.dll
0x00007ff887170000 - 0x00007ff88719c000 	C:\Windows\System32\GDI32.dll
0x00007ff8869d0000 - 0x00007ff886ae4000 	C:\Windows\System32\gdi32full.dll
0x00007ff8865a0000 - 0x00007ff88663d000 	C:\Windows\System32\msvcp_win.dll
0x00007ff883510000 - 0x00007ff88352e000 	c:\Users\Admin\.vscode\extensions\redhat.java-1.39.0-win32-x64\jre\21.0.5-win32-x86_64\bin\VCRUNTIME140.dll
0x00007ff878920000 - 0x00007ff878bba000 	C:\Windows\WinSxS\amd64_microsoft.windows.common-controls_6595b64144ccf1df_6.0.19041.1110_none_60b5254171f9507e\COMCTL32.dll
0x00007ff887f10000 - 0x00007ff887fae000 	C:\Windows\System32\msvcrt.dll
0x00007ff887770000 - 0x00007ff8877a0000 	C:\Windows\System32\IMM32.DLL
0x00007ff8811a0000 - 0x00007ff8811ac000 	c:\Users\Admin\.vscode\extensions\redhat.java-1.39.0-win32-x64\jre\21.0.5-win32-x86_64\bin\vcruntime140_1.dll
0x00007ff875020000 - 0x00007ff8750ad000 	c:\Users\Admin\.vscode\extensions\redhat.java-1.39.0-win32-x64\jre\21.0.5-win32-x86_64\bin\msvcp140.dll
0x00007ff848630000 - 0x00007ff8493bf000 	c:\Users\Admin\.vscode\extensions\redhat.java-1.39.0-win32-x64\jre\21.0.5-win32-x86_64\bin\server\jvm.dll
0x00007ff886eb0000 - 0x00007ff886f5e000 	C:\Windows\System32\ADVAPI32.dll
0x00007ff887e70000 - 0x00007ff887f0c000 	C:\Windows\System32\sechost.dll
0x00007ff888bc0000 - 0x00007ff888ce5000 	C:\Windows\System32\RPCRT4.dll
0x00007ff887800000 - 0x00007ff88786b000 	C:\Windows\System32\WS2_32.dll
0x00007ff8863c0000 - 0x00007ff88640b000 	C:\Windows\SYSTEM32\POWRPROF.dll
0x00007ff875bb0000 - 0x00007ff875bd7000 	C:\Windows\SYSTEM32\WINMM.dll
0x00007ff87ad00000 - 0x00007ff87ad0a000 	C:\Windows\SYSTEM32\VERSION.dll
0x00007ff8863a0000 - 0x00007ff8863b2000 	C:\Windows\SYSTEM32\UMPDC.dll
0x00007ff884410000 - 0x00007ff884422000 	C:\Windows\SYSTEM32\kernel.appcore.dll
0x00007ff880fd0000 - 0x00007ff880fda000 	c:\Users\Admin\.vscode\extensions\redhat.java-1.39.0-win32-x64\jre\21.0.5-win32-x86_64\bin\jimage.dll
0x00007ff877ec0000 - 0x00007ff8780a4000 	C:\Windows\SYSTEM32\DBGHELP.DLL
0x00007ff8771b0000 - 0x00007ff8771dc000 	C:\Windows\SYSTEM32\dbgcore.DLL
0x00007ff886640000 - 0x00007ff8866c2000 	C:\Windows\System32\bcryptPrimitives.dll
0x00007ff880fc0000 - 0x00007ff880fcf000 	c:\Users\Admin\.vscode\extensions\redhat.java-1.39.0-win32-x64\jre\21.0.5-win32-x86_64\bin\instrument.dll
0x00007ff87ff90000 - 0x00007ff87ffaf000 	c:\Users\Admin\.vscode\extensions\redhat.java-1.39.0-win32-x64\jre\21.0.5-win32-x86_64\bin\java.dll
0x00007ff887fb0000 - 0x00007ff8886f3000 	C:\Windows\System32\SHELL32.dll
0x00007ff884610000 - 0x00007ff884da4000 	C:\Windows\SYSTEM32\windows.storage.dll
0x00007ff8871c0000 - 0x00007ff887514000 	C:\Windows\System32\combase.dll
0x00007ff885ed0000 - 0x00007ff885f00000 	C:\Windows\SYSTEM32\Wldp.dll
0x00007ff888700000 - 0x00007ff8887ad000 	C:\Windows\System32\SHCORE.dll
0x00007ff888cf0000 - 0x00007ff888d45000 	C:\Windows\System32\shlwapi.dll
0x00007ff886490000 - 0x00007ff8864af000 	C:\Windows\SYSTEM32\profapi.dll
0x00007ff87e6f0000 - 0x00007ff87e708000 	c:\Users\Admin\.vscode\extensions\redhat.java-1.39.0-win32-x64\jre\21.0.5-win32-x86_64\bin\zip.dll
0x00007ff880f80000 - 0x00007ff880f90000 	C:\Users\Admin\.vscode\extensions\redhat.java-1.39.0-win32-x64\jre\21.0.5-win32-x86_64\bin\net.dll
0x00007ff87ced0000 - 0x00007ff87cfdd000 	C:\Windows\SYSTEM32\WINHTTP.dll
0x00007ff885c30000 - 0x00007ff885c9a000 	C:\Windows\system32\mswsock.dll
0x00007ff879df0000 - 0x00007ff879e06000 	C:\Users\Admin\.vscode\extensions\redhat.java-1.39.0-win32-x64\jre\21.0.5-win32-x86_64\bin\nio.dll
0x00007ff87ff60000 - 0x00007ff87ff70000 	c:\Users\Admin\.vscode\extensions\redhat.java-1.39.0-win32-x64\jre\21.0.5-win32-x86_64\bin\verify.dll
0x00007ff8778e0000 - 0x00007ff877925000 	C:\Users\Admin\AppData\Roaming\Code\User\globalStorage\redhat.java\1.39.0\config_ss_win\org.eclipse.equinox.launcher\org.eclipse.equinox.launcher.win32.win32.x86_64_1.2.1100.v20240722-2106\eclipse_11904.dll
0x00007ff887d40000 - 0x00007ff887e6a000 	C:\Windows\System32\ole32.dll
0x00007ff87e450000 - 0x00007ff87e45a000 	C:\Users\Admin\.vscode\extensions\redhat.java-1.39.0-win32-x64\jre\21.0.5-win32-x86_64\bin\management.dll
0x00007ff87ade0000 - 0x00007ff87adeb000 	C:\Users\Admin\.vscode\extensions\redhat.java-1.39.0-win32-x64\jre\21.0.5-win32-x86_64\bin\management_ext.dll
0x00007ff8876d0000 - 0x00007ff8876d8000 	C:\Windows\System32\PSAPI.DLL
0x00007ff885e20000 - 0x00007ff885e38000 	C:\Windows\SYSTEM32\CRYPTSP.dll
0x00007ff885550000 - 0x00007ff885584000 	C:\Windows\system32\rsaenh.dll
0x00007ff886e80000 - 0x00007ff886ea7000 	C:\Windows\System32\bcrypt.dll
0x00007ff886410000 - 0x00007ff88643e000 	C:\Windows\SYSTEM32\USERENV.dll
0x00007ff885e40000 - 0x00007ff885e4c000 	C:\Windows\SYSTEM32\CRYPTBASE.dll
0x00007ff885920000 - 0x00007ff88595b000 	C:\Windows\SYSTEM32\IPHLPAPI.DLL
0x00007ff887520000 - 0x00007ff887528000 	C:\Windows\System32\NSI.dll
0x00007ff86eb90000 - 0x00007ff86ebd9000 	C:\Users\Admin\AppData\Local\Temp\jna-63116079\jna4146115785829159730.dll
0x00007ff87de10000 - 0x00007ff87de27000 	C:\Windows\SYSTEM32\dhcpcsvc6.DLL
0x00007ff87e220000 - 0x00007ff87e23d000 	C:\Windows\SYSTEM32\dhcpcsvc.DLL

dbghelp: loaded successfully - version: 4.0.5 - missing functions: none
symbol engine: initialized successfully - sym options: 0x614 - pdb path: .;c:\Users\Admin\.vscode\extensions\redhat.java-1.39.0-win32-x64\jre\21.0.5-win32-x86_64\bin;C:\Windows\SYSTEM32;C:\Windows\WinSxS\amd64_microsoft.windows.common-controls_6595b64144ccf1df_6.0.19041.1110_none_60b5254171f9507e;c:\Users\Admin\.vscode\extensions\redhat.java-1.39.0-win32-x64\jre\21.0.5-win32-x86_64\bin\server;C:\Users\Admin\AppData\Roaming\Code\User\globalStorage\redhat.java\1.39.0\config_ss_win\org.eclipse.equinox.launcher\org.eclipse.equinox.launcher.win32.win32.x86_64_1.2.1100.v20240722-2106;C:\Users\Admin\AppData\Local\Temp\jna-63116079

VM Arguments:
jvm_args: --add-modules=ALL-SYSTEM --add-opens=java.base/java.util=ALL-UNNAMED --add-opens=java.base/java.lang=ALL-UNNAMED --add-opens=java.base/sun.nio.fs=ALL-UNNAMED -Declipse.application=org.eclipse.jdt.ls.core.id1 -Dosgi.bundles.defaultStartLevel=4 -Declipse.product=org.eclipse.jdt.ls.core.product -Djava.import.generatesMetadataFilesAtProjectRoot=false -DDetectVMInstallationsJob.disabled=true -Dfile.encoding=utf8 -XX:+UseParallelGC -XX:GCTimeRatio=4 -XX:AdaptiveSizePolicyWeight=90 -Dsun.zip.disableMemoryMapping=true -Xmx1G -Xms100m -Xlog:disable -javaagent:c:\Users\Admin\.vscode\extensions\redhat.java-1.39.0-win32-x64\lombok\lombok-1.18.34.jar 
java_command: c:\Users\Admin\.vscode\extensions\redhat.java-1.39.0-win32-x64\server\plugins\org.eclipse.equinox.launcher_1.6.900.v20240613-2009.jar -configuration c:\Users\Admin\AppData\Roaming\Code\User\globalStorage\redhat.java\1.39.0\config_ss_win -data c:\Users\Admin\AppData\Roaming\Code\User\workspaceStorage\e1147759e39b7914458f10dc0aa35d6f\redhat.java\ss_ws --pipe=\\.\pipe\lsp-28e63fe2536069658a56a6d82cdb4b8f-sock
java_class_path (initial): c:\Users\Admin\.vscode\extensions\redhat.java-1.39.0-win32-x64\server\plugins\org.eclipse.equinox.launcher_1.6.900.v20240613-2009.jar
Launcher Type: SUN_STANDARD

[Global flags]
    uintx AdaptiveSizePolicyWeight                 = 90                                        {product} {command line}
     intx CICompilerCount                          = 2                                         {product} {ergonomic}
    uintx GCTimeRatio                              = 4                                         {product} {command line}
   size_t InitialHeapSize                          = 104857600                                 {product} {command line}
   size_t MaxHeapSize                              = 1073741824                                {product} {command line}
   size_t MaxNewSize                               = 357564416                                 {product} {ergonomic}
   size_t MinHeapDeltaBytes                        = 524288                                    {product} {ergonomic}
   size_t MinHeapSize                              = 104857600                                 {product} {command line}
   size_t NewSize                                  = 34603008                                  {product} {ergonomic}
    uintx NonNMethodCodeHeapSize                   = 5826188                                {pd product} {ergonomic}
    uintx NonProfiledCodeHeapSize                  = 122916026                              {pd product} {ergonomic}
   size_t OldSize                                  = 70254592                                  {product} {ergonomic}
    uintx ProfiledCodeHeapSize                     = 122916026                              {pd product} {ergonomic}
    uintx ReservedCodeCacheSize                    = 251658240                              {pd product} {ergonomic}
     bool SegmentedCodeCache                       = true                                      {product} {ergonomic}
   size_t SoftMaxHeapSize                          = 1073741824                             {manageable} {ergonomic}
     bool UseCompressedOops                        = true                           {product lp64_product} {ergonomic}
     bool UseLargePagesIndividualAllocation        = false                                  {pd product} {ergonomic}
     bool UseParallelGC                            = true                                      {product} {command line}

Logging:
Log output configuration:
 #0: stdout all=off uptime,level,tags foldmultilines=false
 #1: stderr all=off uptime,level,tags foldmultilines=false

Environment Variables:
JAVA_HOME=C:\Program Files\Eclipse Adoptium\jre-17.0.13.11-hotspot\
PATH=C:\Program Files\Eclipse Adoptium\jre-17.0.13.11-hotspot\bin;C:\Program Files\Eclipse Adoptium\jdk-17.0.13.11-hotspot\bin;C:\ProgramData\Oracle\Java\javapath;C:\Windows\system32;C:\Windows;C:\Windows\System32\Wbem;C:\Windows\System32\WindowsPowerShell\v1.0\;C:\Windows\System32\OpenSSH\;C:\Program Files\MySQL\MySQL Shell 8.0\bin\;C:\Users\Admin\AppData\Local\Programs\Python\Python312\Scripts\;C:\Users\Admin\AppData\Local\Programs\Python\Python312\;C:\Users\Admin\AppData\Local\Microsoft\WindowsApps;C:\Users\Admin\AppData\Local\Programs\Microsoft VS Code\bin
USERNAME=Admin
OS=Windows_NT
PROCESSOR_IDENTIFIER=Intel64 Family 6 Model 156 Stepping 0, GenuineIntel
TMP=C:\Users\Admin\AppData\Local\Temp
TEMP=C:\Users\Admin\AppData\Local\Temp




Periodic native trim disabled

---------------  S Y S T E M  ---------------

OS:
 Windows 10 , 64 bit Build 19041 (10.0.19041.1889)
OS uptime: 0 days 1:06 hours

CPU: total 2 (initial active 2) (2 cores per cpu, 1 threads per core) family 6 model 156 stepping 0 microcode 0x2400001f, cx8, cmov, fxsr, mmx, 3dnowpref, sse, sse2, sse3, ssse3, sse4.1, sse4.2, popcnt, tsc, tscinvbit, aes, erms, clmul, sha, clflush, clflushopt, clwb, rdtscp, rdpid
Processor Information for all 2 processors :
  Max Mhz: 1114, Current Mhz: 1114, Mhz Limit: 1114

Memory: 4k page, system-wide physical 3901M (390M free)
TotalPageFile size 3901M (AvailPageFile size 4M)
current process WorkingSet (physical memory assigned to process): 159M, peak: 160M
current process commit charge ("private bytes"): 240M, peak: 241M

vm_info: OpenJDK 64-Bit Server VM (21.0.5+11-LTS) for windows-amd64 JRE (21.0.5+11-LTS), built on 2024-10-15T00:00:00Z by "admin" with MS VC++ 17.7 (VS2022)

END.
